The target system is: Generic -  - arm
The host system is: Windows - 10.0.19045 - AMD64
Checking whether the ASM compiler is GNU using "--version" matched "(GNU assembler)|(GCC)|(Free Software Foundation)":
arm-none-eabi-gcc.exe (Arm GNU Toolchain 12.2.Rel1 (Build arm-12.24)) 12.2.1 20221205
Copyright (C) 2022 Free Software Foundation, Inc.
This is free software; see the source for copying conditions.  There is NO
warranty; not even for MERCHANTABILITY or FITNESS FOR A PARTICULAR PURPOSE.

Compiling the C compiler identification source file "CMakeCCompilerId.c" succeeded.
Compiler: C:/Users/isaac/.mcuxpressotools/arm-gnu-toolchain-12.2.rel1-mingw-w64-i686-arm-none-eabi/bin/arm-none-eabi-gcc.exe 
Build flags: ;;;;-fstack-usage;;-D__NEWLIB__;;-fstack-usage;;-D__NEWLIB__
Id flags: -c 

The output was:
0


Compilation of the C compiler identification source "CMakeCCompilerId.c" produced "CMakeCCompilerId.o"

Compilation of the C compiler identification source "CMakeCCompilerId.c" produced "CMakeCCompilerId.su"

The C compiler identification is GNU, found in "D:/repo/lpc5536-template/armgcc/debug/CMakeFiles/3.23.2/CompilerIdC/CMakeCCompilerId.o"

Compiling the CXX compiler identification source file "CMakeCXXCompilerId.cpp" succeeded.
Compiler: C:/Users/isaac/.mcuxpressotools/arm-gnu-toolchain-12.2.rel1-mingw-w64-i686-arm-none-eabi/bin/arm-none-eabi-g++.exe 
Build flags: ;;;;-fstack-usage;;-D__NEWLIB__;;-fstack-usage;;-D__NEWLIB__
Id flags: -c 

The output was:
0


Compilation of the CXX compiler identification source "CMakeCXXCompilerId.cpp" produced "CMakeCXXCompilerId.o"

Compilation of the CXX compiler identification source "CMakeCXXCompilerId.cpp" produced "CMakeCXXCompilerId.su"

The CXX compiler identification is GNU, found in "D:/repo/lpc5536-template/armgcc/debug/CMakeFiles/3.23.2/CompilerIdCXX/CMakeCXXCompilerId.o"

